<?xml version="1.0" encoding="UTF-8"?>
<!-- Generated by org.testng.reporters.JUnitReportReporter -->
<testsuite skipped="2" hostname="DIPL-5CG706063P-14" name="com.qa.tie.tests.LoginPageTest" tests="13" failures="0" timestamp="2020-02-21T14:01:49 IST" time="63.614" errors="0">
  <testcase name="verifyLoginPageTitleTest" time="0.066" classname="com.qa.tie.tests.LoginPageTest"/>
  <testcase name="TiELogoTest" time="0.839" classname="com.qa.tie.tests.LoginPageTest"/>
  <testcase name="verifySignUpLinkTest" time="0.712" classname="com.qa.tie.tests.LoginPageTest"/>
  <testcase name="verifyTermsAndConditionLinkTest" time="0.730" classname="com.qa.tie.tests.LoginPageTest"/>
  <testcase name="verifyPrivacyPolicyLinkTest" time="0.784" classname="com.qa.tie.tests.LoginPageTest"/>
  <testcase name="verifyResetPassLinkTest" time="0.712" classname="com.qa.tie.tests.LoginPageTest"/>
  <testcase name="VerifyregisterWithBusinessAccountTest" time="6.697" classname="com.qa.tie.tests.LoginPageTest"/>
  <testcase name="VerifyregisterWithAccountantUserTest" time="6.506" classname="com.qa.tie.tests.LoginPageTest"/>
  <testcase name="VerifyregisterWithOwnerAssistantTest" time="6.196" classname="com.qa.tie.tests.LoginPageTest"/>
  <testcase name="doPasswordResetTest" time="34.554" classname="com.qa.tie.tests.LoginPageTest"/>
  <testcase name="loginTest" time="5.818" classname="com.qa.tie.tests.LoginPageTest"/>
  <testcase name="login_InvalidTestCases" classname="com.qa.tie.tests.LoginPageTest">
    <skipped/>
  </testcase> <!-- login_InvalidTestCases -->
  <testcase name="login_InvalidTestCases" classname="com.qa.tie.tests.LoginPageTest">
    <skipped/>
  </testcase> <!-- login_InvalidTestCases -->
</testsuite> <!-- com.qa.tie.tests.LoginPageTest -->
