<?xml version="1.0" encoding="UTF-8"?>
<!-- Generated by org.testng.reporters.JUnitReportReporter -->
<testsuite skipped="1" hostname="DIPL-5CG706063P-14" name="com.qa.tie.tests.LoginPageTest" tests="12" failures="0" timestamp="2020-03-17T11:37:36 IST" time="70.424" errors="0">
  <testcase name="verifyLoginPageTitleTest" time="0.433" classname="com.qa.tie.tests.LoginPageTest"/>
  <testcase name="TiELogoTest" time="1.681" classname="com.qa.tie.tests.LoginPageTest"/>
  <testcase name="verifySignUpLinkTest" time="1.095" classname="com.qa.tie.tests.LoginPageTest"/>
  <testcase name="verifyTermsAndConditionLinkTest" time="2.070" classname="com.qa.tie.tests.LoginPageTest"/>
  <testcase name="verifyPrivacyPolicyLinkTest" time="0.750" classname="com.qa.tie.tests.LoginPageTest"/>
  <testcase name="verifyResetPassLinkTest" time="0.851" classname="com.qa.tie.tests.LoginPageTest"/>
  <testcase name="VerifyregisterWithBusinessAccountTest" time="8.001" classname="com.qa.tie.tests.LoginPageTest"/>
  <testcase name="VerifyregisterWithAccountantUserTest" time="6.950" classname="com.qa.tie.tests.LoginPageTest"/>
  <testcase name="VerifyregisterWithOwnerAssistantTest" time="7.171" classname="com.qa.tie.tests.LoginPageTest"/>
  <testcase name="doPasswordResetTest" time="34.422" classname="com.qa.tie.tests.LoginPageTest"/>
  <testcase name="loginTest" time="7.000" classname="com.qa.tie.tests.LoginPageTest"/>
  <testcase name="login_InvalidTestCases" classname="com.qa.tie.tests.LoginPageTest">
    <skipped/>
  </testcase> <!-- login_InvalidTestCases -->
</testsuite> <!-- com.qa.tie.tests.LoginPageTest -->
