<?xml version="1.0" encoding="UTF-8"?>
<!-- Generated by org.testng.reporters.JUnitReportReporter -->
<testsuite skipped="0" hostname="DIPL-5CG706063P-14" name="com.qa.tie.tests.HomePageTest" tests="16" failures="0" timestamp="2020-02-21T19:33:44 IST" time="41.868" errors="0">
  <testcase name="verifyHomePageTitleTest" time="0.486" classname="com.qa.tie.tests.HomePageTest"/>
  <testcase name="verifyHomePageHeaderTest" time="1.428" classname="com.qa.tie.tests.HomePageTest"/>
  <testcase name="verifyLoggedInUserTest" time="0.907" classname="com.qa.tie.tests.HomePageTest"/>
  <testcase name="verifySalesTabTest" time="0.938" classname="com.qa.tie.tests.HomePageTest"/>
  <testcase name="verifyPayBillsTabTest" time="0.755" classname="com.qa.tie.tests.HomePageTest"/>
  <testcase name="verifySalesParentTabTest" time="0.768" classname="com.qa.tie.tests.HomePageTest"/>
  <testcase name="veriyPayBillsOverviewTabTest" time="4.256" classname="com.qa.tie.tests.HomePageTest"/>
  <testcase name="veriyBillsMenuTabTest" time="4.473" classname="com.qa.tie.tests.HomePageTest"/>
  <testcase name="veriyVendorMenuTabTest" time="4.425" classname="com.qa.tie.tests.HomePageTest"/>
  <testcase name="veriyPayBillsTransactionMenuTabTest" time="4.129" classname="com.qa.tie.tests.HomePageTest"/>
  <testcase name="veriyPayBillsReportMenuTabTest" time="2.505" classname="com.qa.tie.tests.HomePageTest"/>
  <testcase name="veriySalesOverviewTabTest" time="2.503" classname="com.qa.tie.tests.HomePageTest"/>
  <testcase name="veriyCustomerTabTest" time="2.480" classname="com.qa.tie.tests.HomePageTest"/>
  <testcase name="veriyInvoiceMenuTabTest" time="3.937" classname="com.qa.tie.tests.HomePageTest"/>
  <testcase name="veriySalesTransactiomTabTest" time="3.967" classname="com.qa.tie.tests.HomePageTest"/>
  <testcase name="veriySalesReportTabTest" time="3.911" classname="com.qa.tie.tests.HomePageTest"/>
</testsuite> <!-- com.qa.tie.tests.HomePageTest -->
