<?xml version="1.0" encoding="UTF-8"?>
<!-- Generated by org.testng.reporters.JUnitReportReporter -->
<testsuite skipped="13" hostname="DIPL-5CG706063P-14" name="com.qa.tie.tests.LoginPageTest" tests="14" failures="0" timestamp="2020-02-21T13:36:16 IST" time="0.001" errors="1">
  <testcase name="setUp" time="0.001" classname="com.qa.tie.tests.LoginPageTest">
    <error type="java.lang.NullPointerException">
      <![CDATA[java.lang.NullPointerException
at com.qa.tie.base.BasePage.init_driver(BasePage.java:32)
at com.qa.tie.tests.LoginPageTest.setUp(LoginPageTest.java:51)
at sun.reflect.NativeMethodAccessorImpl.invoke0(Native Method)
at sun.reflect.NativeMethodAccessorImpl.invoke(Unknown Source)
at sun.reflect.DelegatingMethodAccessorImpl.invoke(Unknown Source)
at java.lang.reflect.Method.invoke(Unknown Source)
at org.testng.internal.MethodInvocationHelper.invokeMethod(MethodInvocationHelper.java:133)
at org.testng.internal.MethodInvocationHelper.invokeMethodConsideringTimeout(MethodInvocationHelper.java:62)
at org.testng.internal.ConfigInvoker.invokeConfigurationMethod(ConfigInvoker.java:340)
at org.testng.internal.ConfigInvoker.invokeConfigurations(ConfigInvoker.java:294)
at org.testng.TestRunner.invokeTestConfigurations(TestRunner.java:623)
at org.testng.TestRunner.beforeRun(TestRunner.java:613)
at org.testng.TestRunner.run(TestRunner.java:584)
at org.testng.SuiteRunner.runTest(SuiteRunner.java:402)
at org.testng.SuiteRunner.access$000(SuiteRunner.java:41)
at org.testng.SuiteRunner$SuiteWorker.run(SuiteRunner.java:443)
at org.testng.internal.thread.ThreadUtil.lambda$execute$0(ThreadUtil.java:67)
at java.util.concurrent.FutureTask.run(Unknown Source)
at java.util.concurrent.ThreadPoolExecutor.runWorker(Unknown Source)
at java.util.concurrent.ThreadPoolExecutor$Worker.run(Unknown Source)
at java.lang.Thread.run(Unknown Source)
]]>
    </error>
  </testcase> <!-- setUp -->
  <testcase name="verifyLoginPageTitleTest" time="0.000" classname="com.qa.tie.tests.LoginPageTest">
    <skipped/>
  </testcase> <!-- verifyLoginPageTitleTest -->
  <testcase name="TiELogoTest" time="0.000" classname="com.qa.tie.tests.LoginPageTest">
    <skipped/>
  </testcase> <!-- TiELogoTest -->
  <testcase name="verifySignUpLinkTest" time="0.000" classname="com.qa.tie.tests.LoginPageTest">
    <skipped/>
  </testcase> <!-- verifySignUpLinkTest -->
  <testcase name="verifyTermsAndConditionLinkTest" time="0.000" classname="com.qa.tie.tests.LoginPageTest">
    <skipped/>
  </testcase> <!-- verifyTermsAndConditionLinkTest -->
  <testcase name="verifyPrivacyPolicyLinkTest" time="0.000" classname="com.qa.tie.tests.LoginPageTest">
    <skipped/>
  </testcase> <!-- verifyPrivacyPolicyLinkTest -->
  <testcase name="verifyResetPassLinkTest" time="0.000" classname="com.qa.tie.tests.LoginPageTest">
    <skipped/>
  </testcase> <!-- verifyResetPassLinkTest -->
  <testcase name="VerifyregisterWithBusinessAccountTest" time="0.000" classname="com.qa.tie.tests.LoginPageTest">
    <skipped/>
  </testcase> <!-- VerifyregisterWithBusinessAccountTest -->
  <testcase name="VerifyregisterWithAccountantUserTest" time="0.000" classname="com.qa.tie.tests.LoginPageTest">
    <skipped/>
  </testcase> <!-- VerifyregisterWithAccountantUserTest -->
  <testcase name="VerifyregisterWithOwnerAssistantTest" time="0.000" classname="com.qa.tie.tests.LoginPageTest">
    <skipped/>
  </testcase> <!-- VerifyregisterWithOwnerAssistantTest -->
  <testcase name="doPasswordResetTest" time="0.000" classname="com.qa.tie.tests.LoginPageTest">
    <skipped/>
  </testcase> <!-- doPasswordResetTest -->
  <testcase name="loginTest" time="0.000" classname="com.qa.tie.tests.LoginPageTest">
    <skipped/>
  </testcase> <!-- loginTest -->
  <testcase name="login_InvalidTestCases" classname="com.qa.tie.tests.LoginPageTest">
    <skipped/>
  </testcase> <!-- login_InvalidTestCases -->
  <testcase name="login_InvalidTestCases" classname="com.qa.tie.tests.LoginPageTest">
    <skipped/>
  </testcase> <!-- login_InvalidTestCases -->
</testsuite> <!-- com.qa.tie.tests.LoginPageTest -->
