<?xml version="1.0" encoding="UTF-8"?>
<!-- Generated by org.testng.reporters.JUnitReportReporter -->
<testsuite skipped="0" hostname="DIPL-5CG706063P-14" name="com.tie.Tests.DashboardPageTest" tests="14" failures="0" timestamp="2020-02-20T13:33:47 IST" time="32.856" errors="0">
  <testcase name="verifySalesTabTest" time="0.085" classname="com.tie.Tests.DashboardPageTest"/>
  <testcase name="verifyPayBillsTabTest" time="0.059" classname="com.tie.Tests.DashboardPageTest"/>
  <testcase name="verifyCompanytNameTest" time="0.091" classname="com.tie.Tests.DashboardPageTest"/>
  <testcase name="verifySalesParentTabTest" time="0.057" classname="com.tie.Tests.DashboardPageTest"/>
  <testcase name="veriyPayBillsOverviewTabTest" time="3.234" classname="com.tie.Tests.DashboardPageTest"/>
  <testcase name="veriyBillsMenuTabTest" time="3.214" classname="com.tie.Tests.DashboardPageTest"/>
  <testcase name="veriyVendorMenuTabTest" time="3.226" classname="com.tie.Tests.DashboardPageTest"/>
  <testcase name="veriyPayBillsTransactionMenuTabTest" time="3.285" classname="com.tie.Tests.DashboardPageTest"/>
  <testcase name="veriyPayBillsReportMenuTabTest" time="3.272" classname="com.tie.Tests.DashboardPageTest"/>
  <testcase name="veriySalesOverviewTabTest" time="3.216" classname="com.tie.Tests.DashboardPageTest"/>
  <testcase name="veriyCustomerTabTest" time="3.241" classname="com.tie.Tests.DashboardPageTest"/>
  <testcase name="veriyInvoiceMenuTabTest" time="3.264" classname="com.tie.Tests.DashboardPageTest"/>
  <testcase name="veriySalesTransactiomTabTest" time="3.319" classname="com.tie.Tests.DashboardPageTest"/>
  <testcase name="veriySalesReportTabTest" time="3.293" classname="com.tie.Tests.DashboardPageTest"/>
</testsuite> <!-- com.tie.Tests.DashboardPageTest -->
