<?xml version="1.0" encoding="UTF-8"?>
<!-- Generated by org.testng.reporters.JUnitReportReporter -->
<testsuite skipped="0" hostname="DIPL-5CG706063P-14" name="com.tie.Tests.HomePageTest" tests="14" failures="0" timestamp="2020-02-19T17:15:09 IST" time="33.023" errors="0">
  <testcase name="verifySalesTabTest" time="0.089" classname="com.tie.Tests.HomePageTest"/>
  <testcase name="verifyPayBillsTabTest" time="0.066" classname="com.tie.Tests.HomePageTest"/>
  <testcase name="verifyCompanytNameTest" time="0.059" classname="com.tie.Tests.HomePageTest"/>
  <testcase name="verifySalesParentTabTest" time="0.050" classname="com.tie.Tests.HomePageTest"/>
  <testcase name="veriyPayBillsOverviewTabTest" time="3.255" classname="com.tie.Tests.HomePageTest"/>
  <testcase name="veriyBillsMenuTabTest" time="3.231" classname="com.tie.Tests.HomePageTest"/>
  <testcase name="veriyVendorMenuTabTest" time="3.206" classname="com.tie.Tests.HomePageTest"/>
  <testcase name="veriyPayBillsTransactionMenuTabTest" time="3.299" classname="com.tie.Tests.HomePageTest"/>
  <testcase name="veriyPayBillsReportMenuTabTest" time="3.248" classname="com.tie.Tests.HomePageTest"/>
  <testcase name="veriySalesOverviewTabTest" time="3.231" classname="com.tie.Tests.HomePageTest"/>
  <testcase name="veriyCustomerTabTest" time="3.308" classname="com.tie.Tests.HomePageTest"/>
  <testcase name="veriyInvoiceMenuTabTest" time="3.308" classname="com.tie.Tests.HomePageTest"/>
  <testcase name="veriySalesTransactiomTabTest" time="3.315" classname="com.tie.Tests.HomePageTest"/>
  <testcase name="veriySalesReportTabTest" time="3.358" classname="com.tie.Tests.HomePageTest"/>
</testsuite> <!-- com.tie.Tests.HomePageTest -->
