<?xml version="1.0" encoding="UTF-8"?>
<!-- Generated by org.testng.reporters.JUnitReportReporter -->
<testsuite skipped="2" hostname="DIPL-5CG706063P-14" name="com.qa.tie.tests.LoginPageTest" tests="13" failures="0" timestamp="2020-02-21T14:58:45 IST" time="65.229" errors="0">
  <testcase name="verifyLoginPageTitleTest" time="0.048" classname="com.qa.tie.tests.LoginPageTest"/>
  <testcase name="TiELogoTest" time="0.779" classname="com.qa.tie.tests.LoginPageTest"/>
  <testcase name="verifySignUpLinkTest" time="0.807" classname="com.qa.tie.tests.LoginPageTest"/>
  <testcase name="verifyTermsAndConditionLinkTest" time="0.782" classname="com.qa.tie.tests.LoginPageTest"/>
  <testcase name="verifyPrivacyPolicyLinkTest" time="0.814" classname="com.qa.tie.tests.LoginPageTest"/>
  <testcase name="verifyResetPassLinkTest" time="0.738" classname="com.qa.tie.tests.LoginPageTest"/>
  <testcase name="VerifyregisterWithBusinessAccountTest" time="6.726" classname="com.qa.tie.tests.LoginPageTest"/>
  <testcase name="VerifyregisterWithAccountantUserTest" time="6.471" classname="com.qa.tie.tests.LoginPageTest"/>
  <testcase name="VerifyregisterWithOwnerAssistantTest" time="6.487" classname="com.qa.tie.tests.LoginPageTest"/>
  <testcase name="doPasswordResetTest" time="34.783" classname="com.qa.tie.tests.LoginPageTest"/>
  <testcase name="loginTest" time="6.794" classname="com.qa.tie.tests.LoginPageTest"/>
  <testcase name="login_InvalidTestCases" classname="com.qa.tie.tests.LoginPageTest">
    <skipped/>
  </testcase> <!-- login_InvalidTestCases -->
  <testcase name="login_InvalidTestCases" classname="com.qa.tie.tests.LoginPageTest">
    <skipped/>
  </testcase> <!-- login_InvalidTestCases -->
</testsuite> <!-- com.qa.tie.tests.LoginPageTest -->
