<?xml version="1.0" encoding="UTF-8"?>
<!-- Generated by org.testng.reporters.JUnitReportReporter -->
<testsuite skipped="0" hostname="DIPL-5CG706063P-14" name="com.tie.Tests.LoginPageTest" tests="11" failures="0" timestamp="2020-02-20T13:33:47 IST" time="59.489" errors="0">
  <testcase name="verifyLoginPageTitleTest" time="0.152" classname="com.tie.Tests.LoginPageTest"/>
  <testcase name="TiELogoTest" time="0.289" classname="com.tie.Tests.LoginPageTest"/>
  <testcase name="verifySignUpLinkTest" time="0.170" classname="com.tie.Tests.LoginPageTest"/>
  <testcase name="verifyisForgotPasswordExistsTest" time="0.105" classname="com.tie.Tests.LoginPageTest"/>
  <testcase name="VerifyTearmAndServiceLinkExistsTest" time="0.077" classname="com.tie.Tests.LoginPageTest"/>
  <testcase name="verifyisPrivacyPolicyLinkExistsTest" time="0.093" classname="com.tie.Tests.LoginPageTest"/>
  <testcase name="VerifyregisterWithBusinessAccountTest" time="6.409" classname="com.tie.Tests.LoginPageTest"/>
  <testcase name="VerifyregisterWithAccountantUserTest" time="6.150" classname="com.tie.Tests.LoginPageTest"/>
  <testcase name="VerifyregisterWithOwnerAssistantTest" time="6.126" classname="com.tie.Tests.LoginPageTest"/>
  <testcase name="doPasswordResetTest" time="34.093" classname="com.tie.Tests.LoginPageTest"/>
  <testcase name="verifyLoginTest" time="5.825" classname="com.tie.Tests.LoginPageTest"/>
</testsuite> <!-- com.tie.Tests.LoginPageTest -->
