<?xml version="1.0" encoding="UTF-8"?>
<!-- Generated by org.testng.reporters.JUnitReportReporter -->
<testsuite skipped="0" hostname="DIPL-5CG706063P-14" name="com.qa.tie.Tests.InvoicePageTest" tests="4" failures="0" timestamp="2020-03-17T13:51:12 IST" time="9.880" errors="0">
  <testcase name="verifyHomePageTitleTest" time="0.158" classname="com.qa.tie.Tests.InvoicePageTest"/>
  <testcase name="verifyAllSubMenuClickkableTest" time="2.702" classname="com.qa.tie.Tests.InvoicePageTest"/>
  <testcase name="FilterInvoiceWithCustomerTest" time="4.135" classname="com.qa.tie.Tests.InvoicePageTest"/>
  <testcase name="verifyAllHeaderTest" time="2.885" classname="com.qa.tie.Tests.InvoicePageTest"/>
</testsuite> <!-- com.qa.tie.Tests.InvoicePageTest -->
