<?xml version="1.0" encoding="UTF-8"?>
<!-- Generated by org.testng.reporters.JUnitReportReporter -->
<testsuite skipped="2" hostname="DIPL-5CG706063P-14" name="com.qa.tie.tests.LoginPageTest" tests="13" failures="0" timestamp="2020-02-21T16:23:05 IST" time="68.250" errors="0">
  <testcase name="verifyLoginPageTitleTest" time="0.055" classname="com.qa.tie.tests.LoginPageTest"/>
  <testcase name="TiELogoTest" time="0.920" classname="com.qa.tie.tests.LoginPageTest"/>
  <testcase name="verifySignUpLinkTest" time="0.864" classname="com.qa.tie.tests.LoginPageTest"/>
  <testcase name="verifyTermsAndConditionLinkTest" time="0.808" classname="com.qa.tie.tests.LoginPageTest"/>
  <testcase name="verifyPrivacyPolicyLinkTest" time="0.946" classname="com.qa.tie.tests.LoginPageTest"/>
  <testcase name="verifyResetPassLinkTest" time="0.937" classname="com.qa.tie.tests.LoginPageTest"/>
  <testcase name="VerifyregisterWithBusinessAccountTest" time="7.377" classname="com.qa.tie.tests.LoginPageTest"/>
  <testcase name="VerifyregisterWithAccountantUserTest" time="7.397" classname="com.qa.tie.tests.LoginPageTest"/>
  <testcase name="VerifyregisterWithOwnerAssistantTest" time="7.245" classname="com.qa.tie.tests.LoginPageTest"/>
  <testcase name="doPasswordResetTest" time="35.190" classname="com.qa.tie.tests.LoginPageTest"/>
  <testcase name="loginTest" time="6.511" classname="com.qa.tie.tests.LoginPageTest"/>
  <testcase name="login_InvalidTestCases" classname="com.qa.tie.tests.LoginPageTest">
    <skipped/>
  </testcase> <!-- login_InvalidTestCases -->
  <testcase name="login_InvalidTestCases" classname="com.qa.tie.tests.LoginPageTest">
    <skipped/>
  </testcase> <!-- login_InvalidTestCases -->
</testsuite> <!-- com.qa.tie.tests.LoginPageTest -->
