<?xml version="1.0" encoding="UTF-8"?>
<!-- Generated by org.testng.reporters.JUnitReportReporter -->
<testsuite skipped="0" hostname="DIPL-5CG706063P-14" name="com.qa.tie.tests.HomePageTest" tests="16" failures="0" timestamp="2020-03-17T11:37:36 IST" time="47.200" errors="0">
  <testcase name="verifyHomePageTitleTest" time="0.300" classname="com.qa.tie.tests.HomePageTest"/>
  <testcase name="verifyHomePageHeaderTest" time="1.639" classname="com.qa.tie.tests.HomePageTest"/>
  <testcase name="verifyLoggedInUserTest" time="0.900" classname="com.qa.tie.tests.HomePageTest"/>
  <testcase name="verifySalesTabTest" time="1.392" classname="com.qa.tie.tests.HomePageTest"/>
  <testcase name="verifyPayBillsTabTest" time="1.554" classname="com.qa.tie.tests.HomePageTest"/>
  <testcase name="verifySalesParentTabTest" time="0.819" classname="com.qa.tie.tests.HomePageTest"/>
  <testcase name="veriyPayBillsOverviewTabTest" time="4.126" classname="com.qa.tie.tests.HomePageTest"/>
  <testcase name="veriyBillsMenuTabTest" time="4.370" classname="com.qa.tie.tests.HomePageTest"/>
  <testcase name="veriyVendorMenuTabTest" time="9.128" classname="com.qa.tie.tests.HomePageTest"/>
  <testcase name="veriyPayBillsTransactionMenuTabTest" time="4.029" classname="com.qa.tie.tests.HomePageTest"/>
  <testcase name="veriyPayBillsReportMenuTabTest" time="2.596" classname="com.qa.tie.tests.HomePageTest"/>
  <testcase name="veriySalesOverviewTabTest" time="2.371" classname="com.qa.tie.tests.HomePageTest"/>
  <testcase name="veriyCustomerTabTest" time="2.355" classname="com.qa.tie.tests.HomePageTest"/>
  <testcase name="veriyInvoiceMenuTabTest" time="3.887" classname="com.qa.tie.tests.HomePageTest"/>
  <testcase name="veriySalesTransactiomTabTest" time="3.872" classname="com.qa.tie.tests.HomePageTest"/>
  <testcase name="veriySalesReportTabTest" time="3.862" classname="com.qa.tie.tests.HomePageTest"/>
</testsuite> <!-- com.qa.tie.tests.HomePageTest -->
