<?xml version="1.0" encoding="UTF-8"?>
<!-- Generated by org.testng.reporters.JUnitReportReporter -->
<testsuite skipped="1" hostname="DIPL-5CG706063P-14" name="com.qa.tie.tests.LoginPageTest" tests="12" failures="0" timestamp="2020-02-21T19:33:44 IST" time="70.146" errors="0">
  <testcase name="verifyLoginPageTitleTest" time="0.359" classname="com.qa.tie.tests.LoginPageTest"/>
  <testcase name="TiELogoTest" time="1.547" classname="com.qa.tie.tests.LoginPageTest"/>
  <testcase name="verifySignUpLinkTest" time="0.911" classname="com.qa.tie.tests.LoginPageTest"/>
  <testcase name="verifyTermsAndConditionLinkTest" time="0.771" classname="com.qa.tie.tests.LoginPageTest"/>
  <testcase name="verifyPrivacyPolicyLinkTest" time="0.746" classname="com.qa.tie.tests.LoginPageTest"/>
  <testcase name="verifyResetPassLinkTest" time="0.780" classname="com.qa.tie.tests.LoginPageTest"/>
  <testcase name="VerifyregisterWithBusinessAccountTest" time="8.232" classname="com.qa.tie.tests.LoginPageTest"/>
  <testcase name="VerifyregisterWithAccountantUserTest" time="7.495" classname="com.qa.tie.tests.LoginPageTest"/>
  <testcase name="VerifyregisterWithOwnerAssistantTest" time="7.031" classname="com.qa.tie.tests.LoginPageTest"/>
  <testcase name="doPasswordResetTest" time="34.606" classname="com.qa.tie.tests.LoginPageTest"/>
  <testcase name="loginTest" time="7.668" classname="com.qa.tie.tests.LoginPageTest"/>
  <testcase name="login_InvalidTestCases" classname="com.qa.tie.tests.LoginPageTest">
    <skipped/>
  </testcase> <!-- login_InvalidTestCases -->
</testsuite> <!-- com.qa.tie.tests.LoginPageTest -->
