<?xml version="1.0" encoding="UTF-8"?>
<!-- Generated by org.testng.reporters.JUnitReportReporter -->
<testsuite skipped="0" hostname="DIPL-5CG706063P-14" name="com.qa.tie.tests.HomePageTest" tests="16" failures="0" timestamp="2020-02-21T16:23:05 IST" time="42.051" errors="0">
  <testcase name="verifyHomePageTitleTest" time="0.046" classname="com.qa.tie.tests.HomePageTest"/>
  <testcase name="verifyHomePageHeaderTest" time="0.819" classname="com.qa.tie.tests.HomePageTest"/>
  <testcase name="verifyLoggedInUserTest" time="0.669" classname="com.qa.tie.tests.HomePageTest"/>
  <testcase name="verifySalesTabTest" time="0.693" classname="com.qa.tie.tests.HomePageTest"/>
  <testcase name="verifyPayBillsTabTest" time="0.785" classname="com.qa.tie.tests.HomePageTest"/>
  <testcase name="verifySalesParentTabTest" time="0.760" classname="com.qa.tie.tests.HomePageTest"/>
  <testcase name="veriyPayBillsOverviewTabTest" time="3.866" classname="com.qa.tie.tests.HomePageTest"/>
  <testcase name="veriyBillsMenuTabTest" time="3.962" classname="com.qa.tie.tests.HomePageTest"/>
  <testcase name="veriyVendorMenuTabTest" time="4.059" classname="com.qa.tie.tests.HomePageTest"/>
  <testcase name="veriyPayBillsTransactionMenuTabTest" time="3.964" classname="com.qa.tie.tests.HomePageTest"/>
  <testcase name="veriyPayBillsReportMenuTabTest" time="3.906" classname="com.qa.tie.tests.HomePageTest"/>
  <testcase name="veriySalesOverviewTabTest" time="3.850" classname="com.qa.tie.tests.HomePageTest"/>
  <testcase name="veriyCustomerTabTest" time="3.620" classname="com.qa.tie.tests.HomePageTest"/>
  <testcase name="veriyInvoiceMenuTabTest" time="3.660" classname="com.qa.tie.tests.HomePageTest"/>
  <testcase name="veriySalesTransactiomTabTest" time="3.736" classname="com.qa.tie.tests.HomePageTest"/>
  <testcase name="veriySalesReportTabTest" time="3.656" classname="com.qa.tie.tests.HomePageTest"/>
</testsuite> <!-- com.qa.tie.tests.HomePageTest -->
