<?xml version="1.0" encoding="UTF-8"?>
<!-- Generated by org.testng.reporters.JUnitReportReporter -->
<testsuite skipped="2" hostname="DIPL-5CG706063P-14" name="com.qa.hubspot.tests.LoginPageTest" tests="13" failures="0" timestamp="2020-02-21T13:27:08 IST" time="65.332" errors="0">
  <testcase name="verifyLoginPageTitleTest" time="0.047" classname="com.qa.hubspot.tests.LoginPageTest"/>
  <testcase name="TiELogoTest" time="0.767" classname="com.qa.hubspot.tests.LoginPageTest"/>
  <testcase name="verifySignUpLinkTest" time="0.752" classname="com.qa.hubspot.tests.LoginPageTest"/>
  <testcase name="verifyTermsAndConditionLinkTest" time="0.804" classname="com.qa.hubspot.tests.LoginPageTest"/>
  <testcase name="verifyPrivacyPolicyLinkTest" time="0.863" classname="com.qa.hubspot.tests.LoginPageTest"/>
  <testcase name="verifyResetPassLinkTest" time="0.797" classname="com.qa.hubspot.tests.LoginPageTest"/>
  <testcase name="VerifyregisterWithBusinessAccountTest" time="6.955" classname="com.qa.hubspot.tests.LoginPageTest"/>
  <testcase name="VerifyregisterWithAccountantUserTest" time="6.686" classname="com.qa.hubspot.tests.LoginPageTest"/>
  <testcase name="VerifyregisterWithOwnerAssistantTest" time="6.520" classname="com.qa.hubspot.tests.LoginPageTest"/>
  <testcase name="doPasswordResetTest" time="34.992" classname="com.qa.hubspot.tests.LoginPageTest"/>
  <testcase name="loginTest" time="6.149" classname="com.qa.hubspot.tests.LoginPageTest"/>
  <testcase name="login_InvalidTestCases" classname="com.qa.hubspot.tests.LoginPageTest">
    <skipped/>
  </testcase> <!-- login_InvalidTestCases -->
  <testcase name="login_InvalidTestCases" classname="com.qa.hubspot.tests.LoginPageTest">
    <skipped/>
  </testcase> <!-- login_InvalidTestCases -->
</testsuite> <!-- com.qa.hubspot.tests.LoginPageTest -->
